
ROM used:   1195/8192 (15%)
            1195/8192 (15%) including unused fragments

            1.0 Average locations per line
            11.0 Average locations per statement

RAM used:   11/368 (3%) at main() level
            36/368 (10%) worst case

Stack used: 0 worst case (0 in main + 0 for interrupts)
Stack size: 8

Lines Stmts  %   Files
----- ----- ---  -----
   71    25  23  PWM ile DC Motor Hiz Kontrolu.c
  629     0   0  ..\..\..\Program Files (x86)\PICC\Devices\16f877.h
  456    84  77  ..\..\..\Program Files (x86)\PICC\Drivers\lcd.c
----- -----
 1156   109 Total

Page ROM  %  RAM   Vol Diff  Functions:
---- --- --- ---   --- ----  ----------
0     21   2    1             @delay_ms1
0      8   1    0             @const622
 Inline         3   596  5.9  lcd_read_byte
0      6   1    0    59  4.2  lcd_read_nibble
0     12   1    1   179  3.3  lcd_send_nibble
0     64   5    3   460  4.7  lcd_send_byte
0     51   4    2   667  5.9  lcd_init
0     18   2    4   208  6.3  lcd_gotoxy
0     44   4    1   354  4.7  lcd_putc
0    141  12    1   687  3.3  MAIN
0     31   3    2             @ITOF
0    204  17   14             @DIVFF
0      6   1    0             @const662
0     84   7    5             @PSTRINGCN7_640
 Inline        13             @MULFF
 Inline         5             @FTOSD
0     79   7   13             @DIV3232
0    341  29   13             @PRINTF_L32D_640FPFPF
0      5   0    0             @const676
0     21   2    3             @DIV88
0     55   5    2             @PRINTF_U_640
 Inline         0             @cinit1

Program metrics:
    Functions               8
    Statements              109
    Comments                209
    Volume (V)              4879
    Difficulty (D)          35.0
    Effort to implement (E) 170767
    Time to implement (T)   2 hours, 38 minutes
    Est Delivered Bugs (B)  1
    Cyclomatic Complexity   8
    Maintainability (MI)    145

 Segment     Used  Free
-----------  ----  ----
00000-00003     4  0  
00004-007FF  1191  853  
00800-00FFF     0  2048  
01000-017FF     0  2048  
01800-01FFF     0  2048  



